2023-04-19 13:34:03 DEBUG TelegramBot:32 - /start
2023-04-19 15:20:34 DEBUG TelegramBot:45 - /start
2023-04-19 15:21:09 DEBUG TelegramBot:45 - /start
2023-04-19 15:31:25 DEBUG UpdateProducerImpl:14 - /startproducer
2023-04-19 15:33:21 DEBUG UpdateProducerImpl:14 - nullproducer
2023-04-19 16:07:30 DEBUG UpdateProducerImpl:20 - producer: 44
2023-04-19 18:10:26 DEBUG UpdateProducerImpl:20 - producer: 45
2023-04-19 18:11:34 DEBUG UpdateProducerImpl:20 - producer: 46
2023-04-20 10:24:35 DEBUG UpdateProducerImpl:20 - producer: 45
2023-04-20 18:06:16 DEBUG UpdateProducerImpl:20 - producer: f2023-04-20 19:13:16 DEBUG UpdateProducerImpl:20 - producer: 15
2023-05-22 21:25:06 DEBUG UpdateProducerImpl:20 - producer: /start
2023-05-22 21:25:08 DEBUG UpdateProducerImpl:20 - producer: dd
2023-05-22 21:25:10 DEBUG UpdateProducerImpl:20 - producer: ada
2023-05-22 22:13:24 DEBUG UpdateProducerImpl:20 - producer: абоба
2023-05-22 23:03:12 DEBUG UpdateProducerImpl:20 - producer: vfsd
2023-05-22 23:03:12 DEBUG UpdateProducerImpl:20 - producer: fs
2023-05-22 23:03:13 DEBUG UpdateProducerImpl:20 - producer: sf
2023-05-22 23:03:26 DEBUG UpdateProducerImpl:20 - producer: ыыыы
2023-05-22 23:03:27 DEBUG UpdateProducerImpl:20 - producer: ыыы
2023-05-22 23:03:28 DEBUG UpdateProducerImpl:20 - producer: ыы
2023-05-22 23:03:30 DEBUG UpdateProducerImpl:20 - producer: ы
2023-05-25 19:23:14 DEBUG UpdateProducerImpl:20 - producer: 0
2023-05-25 19:26:44 DEBUG UpdateProducerImpl:20 - producer: /start
2023-05-25 19:26:56 DEBUG UpdateProducerImpl:20 - producer: 0
2023-05-25 19:28:03 DEBUG UpdateProducerImpl:20 - producer: 0.
2023-05-25 21:05:47 DEBUG UpdateProducerImpl:20 - producer: 0
2023-05-25 21:05:59 DEBUG UpdateProducerImpl:20 - producer: Программист
2023-05-25 21:06:18 DEBUG UpdateProducerImpl:20 - producer: /start
2023-05-25 21:07:36 DEBUG UpdateProducerImpl:20 - producer: Java Junior
2023-05-25 21:08:42 DEBUG UpdateProducerImpl:20 - producer: Java Dev
2023-05-25 21:10:05 DEBUG UpdateProducerImpl:20 - producer: Java
2023-05-25 21:13:37 DEBUG UpdateProducerImpl:20 - producer: /start
2023-05-25 21:15:09 DEBUG UpdateProducerImpl:20 - producer: /start
2023-05-25 21:21:20 DEBUG UpdateProducerImpl:20 - producer: 123
2023-05-25 21:21:39 DEBUG UpdateProducerImpl:20 - producer: 123
2023-05-25 21:23:05 DEBUG UpdateProducerImpl:20 - producer: 123
2023-05-25 21:23:24 DEBUG UpdateProducerImpl:20 - producer: 123
2023-05-25 21:27:00 DEBUG UpdateProducerImpl:20 - producer: 123
2023-05-25 21:27:13 DEBUG UpdateProducerImpl:20 - producer: 123
2023-05-25 21:29:14 DEBUG UpdateProducerImpl:20 - producer: 456
2023-05-25 21:29:39 DEBUG UpdateProducerImpl:20 - producer: 456
2023-05-25 21:30:03 DEBUG UpdateProducerImpl:20 - producer: 45
2023-05-25 21:37:41 DEBUG UpdateProducerImpl:20 - producer: 123
2023-05-25 21:43:28 DEBUG UpdateProducerImpl:20 - producer: 123
2023-05-25 21:52:31 DEBUG UpdateProducerImpl:20 - producer: 123
2023-05-25 21:54:10 DEBUG UpdateProducerImpl:20 - producer: Java Junior
